\BOOKMARK [0][-]{chapter.1}{Ingredients}{}
\BOOKMARK [1][-]{section.1.1}{Staple}{chapter.1}
\BOOKMARK [0][-]{chapter.2}{Users and permissions}{}
\BOOKMARK [1][-]{section.2.1}{Node permissions}{chapter.2}
\BOOKMARK [0][-]{chapter.3}{Configure workbench moderation}{}
\BOOKMARK [1][-]{section.3.1}{Review configuration}{chapter.3}
\BOOKMARK [1][-]{section.3.2}{Enable the workflow for content types}{chapter.3}
\BOOKMARK [1][-]{section.3.3}{Set the Workbench Moderation permissions}{chapter.3}
\BOOKMARK [1][-]{section.3.4}{Check your permissions}{chapter.3}
\BOOKMARK [0][-]{chapter.4}{Watch Contributor > Editor Moderation in Action}{}
\BOOKMARK [1][-]{section.4.1}{Create an article as Cathy Contributor}{chapter.4}
\BOOKMARK [1][-]{section.4.2}{View Eli Editor's Worbench}{chapter.4}
\BOOKMARK [1][-]{section.4.3}{Move Cathy's work to Needs Review}{chapter.4}
\BOOKMARK [1][-]{section.4.4}{Publish Cathy's article}{chapter.4}
\BOOKMARK [1][-]{section.4.5}{As Cathy, review the published work}{chapter.4}
\BOOKMARK [1][-]{section.4.6}{Experiment}{chapter.4}
\BOOKMARK [0][-]{chapter.5}{View the differences between revisions}{}
\BOOKMARK [0][-]{chapter.6}{Expanding the Workflow}{}
\BOOKMARK [1][-]{section.6.1}{Add a new state}{chapter.6}
\BOOKMARK [1][-]{section.6.2}{Enable the transitions}{chapter.6}
\BOOKMARK [1][-]{section.6.3}{Assign transition permissions}{chapter.6}
\BOOKMARK [0][-]{chapter.7}{Adjust the views}{}
\BOOKMARK [1][-]{section.7.1}{Add an administration page for publishers}{chapter.7}
\BOOKMARK [0][-]{chapter.8}{Watch Editor/Publisher Moderation in Action}{}
\BOOKMARK [1][-]{section.8.1}{Create an article as Eli Editor}{chapter.8}
\BOOKMARK [1][-]{section.8.2}{View Peggy Publisher's Workbench}{chapter.8}
\BOOKMARK [0][-]{chapter.9}{Design your own workflow}{}
