\BOOKMARK [0][-]{chapter.1}{Ingredients}{}
\BOOKMARK [1][-]{section.1.1}{Staple}{chapter.1}
\BOOKMARK [1][-]{section.1.2}{Theme}{chapter.1}
\BOOKMARK [1][-]{section.1.3}{Speciality}{chapter.1}
\BOOKMARK [0][-]{chapter.2}{Build the form for creating galleries}{}
\BOOKMARK [1][-]{section.2.1}{Add a new content type called Gallery}{chapter.2}
\BOOKMARK [1][-]{section.2.2}{Add an image field}{chapter.2}
\BOOKMARK [1][-]{section.2.3}{Create proper paths}{chapter.2}
\BOOKMARK [1][-]{section.2.4}{Create a test gallery}{chapter.2}
\BOOKMARK [1][-]{section.2.5}{Hide the default display of images}{chapter.2}
\BOOKMARK [0][-]{chapter.3}{Create custom image sizes}{}
\BOOKMARK [1][-]{section.3.1}{Main gallery image}{chapter.3}
\BOOKMARK [1][-]{section.3.2}{Gallery thumbnails}{chapter.3}
\BOOKMARK [1][-]{section.3.3}{Gallery index thumbnails}{chapter.3}
\BOOKMARK [0][-]{chapter.4}{Create the galleries}{}
\BOOKMARK [1][-]{section.4.1}{Create the actual gallery display}{chapter.4}
\BOOKMARK [1][-]{section.4.2}{Place and configure the block}{chapter.4}
\BOOKMARK [0][-]{chapter.5}{Create an index of all galleries}{}
\BOOKMARK [1][-]{section.5.1}{Add a new view}{chapter.5}
\BOOKMARK [1][-]{section.5.2}{A brief detour}{chapter.5}
\BOOKMARK [1][-]{section.5.3}{Auto-generate galleries}{chapter.5}
\BOOKMARK [0][-]{chapter.6}{Style the Gallery}{}
\BOOKMARK [1][-]{section.6.1}{Open footheme.css}{chapter.6}
\BOOKMARK [1][-]{section.6.2}{Arrange thumbnails beneath the main image}{chapter.6}
\BOOKMARK [1][-]{section.6.3}{Format the controls}{chapter.6}
\BOOKMARK [1][-]{section.6.4}{Place title text over the main image}{chapter.6}
\BOOKMARK [0][-]{chapter.7}{Set and test permissions}{}
\BOOKMARK [1][-]{section.7.1}{Set permissions}{chapter.7}
\BOOKMARK [1][-]{section.7.2}{Test Author privileges}{chapter.7}
\BOOKMARK [1][-]{section.7.3}{Test Editor privileges}{chapter.7}
\BOOKMARK [0][-]{chapter.8}{Indices and tables}{}
