\BOOKMARK [0][-]{chapter.1}{Build a Site Event Calendar}{}
\BOOKMARK [1][-]{section.1.1}{Ingredients}{chapter.1}
\BOOKMARK [1][-]{section.1.2}{Part 1: Build a way to create events}{chapter.1}
\BOOKMARK [1][-]{section.1.3}{Part 2: Create the calendar}{chapter.1}
\BOOKMARK [1][-]{section.1.4}{Part 3: Create and place an Upcoming events block}{chapter.1}
\BOOKMARK [1][-]{section.1.5}{Part 4: Categorize events by terms}{chapter.1}
\BOOKMARK [1][-]{section.1.6}{Part 5: Color code events}{chapter.1}
\BOOKMARK [1][-]{section.1.7}{Part 6: Create filters based on your categories}{chapter.1}
\BOOKMARK [1][-]{section.1.8}{Part 7: Set and test permissions}{chapter.1}
\BOOKMARK [0][-]{chapter.2}{Build Image Galleries and Slideshows}{}
\BOOKMARK [1][-]{section.2.1}{Ingredients}{chapter.2}
\BOOKMARK [1][-]{section.2.2}{Part 1: Build the form for creating galleries}{chapter.2}
\BOOKMARK [1][-]{section.2.3}{Part 2: Create custom image sizes}{chapter.2}
\BOOKMARK [1][-]{section.2.4}{Part 3: Create the galleries}{chapter.2}
\BOOKMARK [1][-]{section.2.5}{Part 4: Create an index of all galleries}{chapter.2}
\BOOKMARK [1][-]{section.2.6}{Part 5: Style the Gallery}{chapter.2}
\BOOKMARK [1][-]{section.2.7}{Part 6: Set and test permissions}{chapter.2}
\BOOKMARK [0][-]{chapter.3}{Perfecting Permissions: Editorial Workflow}{}
\BOOKMARK [1][-]{section.3.1}{Base Workflow}{chapter.3}
\BOOKMARK [1][-]{section.3.2}{Expanded Workflow}{chapter.3}
\BOOKMARK [1][-]{section.3.3}{Ingredients}{chapter.3}
\BOOKMARK [1][-]{section.3.4}{Part 1: Users and permissions}{chapter.3}
\BOOKMARK [1][-]{section.3.5}{Part 2: Configure workbench moderation}{chapter.3}
\BOOKMARK [1][-]{section.3.6}{Part 3: Watch Contributor > Editor Moderation in Action}{chapter.3}
\BOOKMARK [1][-]{section.3.7}{Part 4: Expanding the Workflow}{chapter.3}
\BOOKMARK [1][-]{section.3.8}{Part 5: Adjust the views}{chapter.3}
\BOOKMARK [1][-]{section.3.9}{Part 6: Watch Editor > Publisher Moderation in Action}{chapter.3}
\BOOKMARK [0][-]{chapter.4}{Keeping it Fresh: Scheduling Content}{}
\BOOKMARK [1][-]{section.4.1}{Ingredients}{chapter.4}
\BOOKMARK [1][-]{section.4.2}{Part 1: Create content to work with}{chapter.4}
\BOOKMARK [1][-]{section.4.3}{Part 2: The latest content approach}{chapter.4}
\BOOKMARK [1][-]{section.4.4}{Part 3: Schedule articles}{chapter.4}
